<?xml version="1.0" encoding="UTF-8"?>
<!-- Generated by org.testng.reporters.JUnitReportReporter -->
<testsuite hostname="DESKTOP-O07D183" failures="0" tests="2" name="PnTBootCamp.SeleniumBootCampA.NewTestAnnotations" time="0.007" errors="0" timestamp="2022-01-26T22:46:29 EST" skipped="0">
  <testcase classname="PnTBootCamp.SeleniumBootCampA.NewTestAnnotations" name="f" time="0.006"/>
  <system-out/>
  <testcase classname="PnTBootCamp.SeleniumBootCampA.NewTestAnnotations" name="f6" time="0.001"/>
  <system-out/>
</testsuite> <!-- PnTBootCamp.SeleniumBootCampA.NewTestAnnotations -->
